                                                                                                                        
>>>>>>>>>>>>>>>>>>>>>>>>>>>>>>>>>>>>>>>>>>>>>>>>>>>>>>>>>>>>>>>>>>>>>>>>>>>>>>>>>>>>>>>>>>>>>>>>>>>>>>>>>>>>>>>>>>>>>>>>
2024-09-20 11:18:50,164 - INFO - START NSP_OEC_Training_Chapter_1 =============================================
2024-09-20 11:18:50,164 - INFO - START NSP_OEC_Training_Chapter_1 Start Time = 2024-09-20 11:18:50
2024-09-20 11:18:50,164 - INFO - NSP_OEC_Training_Chapter_1 Step 0 - Initialize the configuration file parser
2024-09-20 11:18:50,165 - INFO - Process NSP_OEC_Training_Chapter_1 Step 0 - Initializing and starting Logging Process.
2024-09-20 11:18:50,195 - INFO - PERFORMANCE NSP_OEC_Training_Chapter_1 The total process duration was:0.03
2024-09-20 11:18:50,195 - INFO - PERFORMANCE NSP_OEC_Training_Chapter_1 Stop Time = 2024-09-20 11:18:50
2024-09-20 11:18:50,195 - INFO - PERFORMANCE NSP_OEC_Training_Chapter_1 Short process duration less than 3 Seconds:0.03
2024-09-20 11:18:50,195 - INFO - PERFORMANCE NSP_OEC_Training_Chapter_1 Performance optimization is not reccomended
2024-09-20 11:18:50,195 - INFO - END NSP_OEC_Training_Chapter_1 =============================================

<<<<<<<<<<<<<<<<<<<<<<<<<<<<<<<<<<<<<<<<<<<<<<<<<<<<<<<<<<<<<<<<<<<<<<<<<<<<<<<<<<<<<<<<<<<<<<<<<<<<<<<<<<<<<<<<<<<<<<<<
                                                                                                                        
                                                                                                                        
>>>>>>>>>>>>>>>>>>>>>>>>>>>>>>>>>>>>>>>>>>>>>>>>>>>>>>>>>>>>>>>>>>>>>>>>>>>>>>>>>>>>>>>>>>>>>>>>>>>>>>>>>>>>>>>>>>>>>>>>
2024-09-20 12:13:50,593 - INFO - START NSP_OEC_Training_Chapter_1 =============================================
2024-09-20 12:13:50,593 - INFO - START NSP_OEC_Training_Chapter_1 Start Time = 2024-09-20 12:13:50
2024-09-20 12:13:50,593 - INFO - NSP_OEC_Training_Chapter_1 Step 0 - Initialize the configuration file parser
2024-09-20 12:13:50,594 - INFO - Process NSP_OEC_Training_Chapter_1 Step 0 - Initializing and starting Logging Process.
2024-09-20 12:13:50,621 - INFO - PERFORMANCE NSP_OEC_Training_Chapter_1 The total process duration was:0.03
2024-09-20 12:13:50,621 - INFO - PERFORMANCE NSP_OEC_Training_Chapter_1 Stop Time = 2024-09-20 12:13:50
2024-09-20 12:13:50,621 - INFO - PERFORMANCE NSP_OEC_Training_Chapter_1 Short process duration less than 3 Seconds:0.03
2024-09-20 12:13:50,621 - INFO - PERFORMANCE NSP_OEC_Training_Chapter_1 Performance optimization is not reccomended
2024-09-20 12:13:50,621 - INFO - END NSP_OEC_Training_Chapter_1 =============================================

<<<<<<<<<<<<<<<<<<<<<<<<<<<<<<<<<<<<<<<<<<<<<<<<<<<<<<<<<<<<<<<<<<<<<<<<<<<<<<<<<<<<<<<<<<<<<<<<<<<<<<<<<<<<<<<<<<<<<<<<
                                                                                                                        
                                                                                                                        
>>>>>>>>>>>>>>>>>>>>>>>>>>>>>>>>>>>>>>>>>>>>>>>>>>>>>>>>>>>>>>>>>>>>>>>>>>>>>>>>>>>>>>>>>>>>>>>>>>>>>>>>>>>>>>>>>>>>>>>>
2024-09-22 21:36:12,421 - INFO - START NSP_OEC_Training_Chapter_1 =============================================
2024-09-22 21:36:12,421 - INFO - START NSP_OEC_Training_Chapter_1 Start Time = 2024-09-22 21:36:12
2024-09-22 21:36:12,421 - INFO - NSP_OEC_Training_Chapter_1 Step 0 - Initialize the configuration file parser
2024-09-22 21:36:12,421 - INFO - Process NSP_OEC_Training_Chapter_1 Step 0 - Initializing and starting Logging Process.
2024-09-22 21:36:12,450 - INFO - PERFORMANCE NSP_OEC_Training_Chapter_1 The total process duration was:0.03
2024-09-22 21:36:12,450 - INFO - PERFORMANCE NSP_OEC_Training_Chapter_1 Stop Time = 2024-09-22 21:36:12
2024-09-22 21:36:12,452 - INFO - PERFORMANCE NSP_OEC_Training_Chapter_1 Short process duration less than 3 Seconds:0.03
2024-09-22 21:36:12,452 - INFO - PERFORMANCE NSP_OEC_Training_Chapter_1 Performance optimization is not reccomended
2024-09-22 21:36:12,452 - INFO - END NSP_OEC_Training_Chapter_1 =============================================

<<<<<<<<<<<<<<<<<<<<<<<<<<<<<<<<<<<<<<<<<<<<<<<<<<<<<<<<<<<<<<<<<<<<<<<<<<<<<<<<<<<<<<<<<<<<<<<<<<<<<<<<<<<<<<<<<<<<<<<<
                                                                                                                        
                                                                                                                        
>>>>>>>>>>>>>>>>>>>>>>>>>>>>>>>>>>>>>>>>>>>>>>>>>>>>>>>>>>>>>>>>>>>>>>>>>>>>>>>>>>>>>>>>>>>>>>>>>>>>>>>>>>>>>>>>>>>>>>>>
2024-09-22 22:06:16,481 - INFO - START NSP_OEC_Training_Chapter_1 =============================================
2024-09-22 22:06:16,481 - INFO - START NSP_OEC_Training_Chapter_1 Start Time = 2024-09-22 22:06:16
2024-09-22 22:06:16,481 - INFO - NSP_OEC_Training_Chapter_1 Step 0 - Initialize the configuration file parser
2024-09-22 22:06:16,481 - INFO - Process NSP_OEC_Training_Chapter_1 Step 0 - Initializing and starting Logging Process.
2024-09-22 22:06:16,591 - INFO - PERFORMANCE NSP_OEC_Training_Chapter_1 The total process duration was:0.11
2024-09-22 22:06:16,591 - INFO - PERFORMANCE NSP_OEC_Training_Chapter_1 Stop Time = 2024-09-22 22:06:16
2024-09-22 22:06:16,591 - INFO - PERFORMANCE NSP_OEC_Training_Chapter_1 Short process duration less than 3 Seconds:0.11
2024-09-22 22:06:16,591 - INFO - PERFORMANCE NSP_OEC_Training_Chapter_1 Performance optimization is not reccomended
2024-09-22 22:06:16,591 - INFO - END NSP_OEC_Training_Chapter_1 =============================================

<<<<<<<<<<<<<<<<<<<<<<<<<<<<<<<<<<<<<<<<<<<<<<<<<<<<<<<<<<<<<<<<<<<<<<<<<<<<<<<<<<<<<<<<<<<<<<<<<<<<<<<<<<<<<<<<<<<<<<<<
                                                                                                                        
                                                                                                                        
>>>>>>>>>>>>>>>>>>>>>>>>>>>>>>>>>>>>>>>>>>>>>>>>>>>>>>>>>>>>>>>>>>>>>>>>>>>>>>>>>>>>>>>>>>>>>>>>>>>>>>>>>>>>>>>>>>>>>>>>
2024-09-22 22:37:39,904 - INFO - START NSP_OEC_Training_Chapter_1 =============================================
2024-09-22 22:37:39,905 - INFO - START NSP_OEC_Training_Chapter_1 Start Time = 2024-09-22 22:37:39
2024-09-22 22:37:39,905 - INFO - NSP_OEC_Training_Chapter_1 Step 0 - Initialize the configuration file parser
2024-09-22 22:37:39,905 - INFO - Process NSP_OEC_Training_Chapter_1 Step 0 - Initializing and starting Logging Process.
2024-09-22 22:37:40,012 - INFO - PERFORMANCE NSP_OEC_Training_Chapter_1 The total process duration was:0.11
2024-09-22 22:37:40,012 - INFO - PERFORMANCE NSP_OEC_Training_Chapter_1 Stop Time = 2024-09-22 22:37:40
2024-09-22 22:37:40,012 - INFO - PERFORMANCE NSP_OEC_Training_Chapter_1 Short process duration less than 3 Seconds:0.11
2024-09-22 22:37:40,012 - INFO - PERFORMANCE NSP_OEC_Training_Chapter_1 Performance optimization is not reccomended
2024-09-22 22:37:40,012 - INFO - END NSP_OEC_Training_Chapter_1 =============================================

<<<<<<<<<<<<<<<<<<<<<<<<<<<<<<<<<<<<<<<<<<<<<<<<<<<<<<<<<<<<<<<<<<<<<<<<<<<<<<<<<<<<<<<<<<<<<<<<<<<<<<<<<<<<<<<<<<<<<<<<
                                                                                                                        
                                                                                                                        
>>>>>>>>>>>>>>>>>>>>>>>>>>>>>>>>>>>>>>>>>>>>>>>>>>>>>>>>>>>>>>>>>>>>>>>>>>>>>>>>>>>>>>>>>>>>>>>>>>>>>>>>>>>>>>>>>>>>>>>>
2024-09-23 23:28:51,571 - INFO - START NSP_OEC_Training_Chapter_1 =============================================
2024-09-23 23:28:51,572 - INFO - START NSP_OEC_Training_Chapter_1 Start Time = 2024-09-23 23:28:51
2024-09-23 23:28:51,572 - INFO - NSP_OEC_Training_Chapter_1 Step 0 - Initialize the configuration file parser
2024-09-23 23:28:51,572 - INFO - Process NSP_OEC_Training_Chapter_1 Step 0 - Initializing and starting Logging Process.
2024-09-23 23:28:51,679 - INFO - PERFORMANCE NSP_OEC_Training_Chapter_1 The total process duration was:0.11
2024-09-23 23:28:51,679 - INFO - PERFORMANCE NSP_OEC_Training_Chapter_1 Stop Time = 2024-09-23 23:28:51
2024-09-23 23:28:51,680 - INFO - PERFORMANCE NSP_OEC_Training_Chapter_1 Short process duration less than 3 Seconds:0.11
2024-09-23 23:28:51,680 - INFO - PERFORMANCE NSP_OEC_Training_Chapter_1 Performance optimization is not reccomended
2024-09-23 23:28:51,680 - INFO - END NSP_OEC_Training_Chapter_1 =============================================

<<<<<<<<<<<<<<<<<<<<<<<<<<<<<<<<<<<<<<<<<<<<<<<<<<<<<<<<<<<<<<<<<<<<<<<<<<<<<<<<<<<<<<<<<<<<<<<<<<<<<<<<<<<<<<<<<<<<<<<<
                                                                                                                        
                                                                                                                        
>>>>>>>>>>>>>>>>>>>>>>>>>>>>>>>>>>>>>>>>>>>>>>>>>>>>>>>>>>>>>>>>>>>>>>>>>>>>>>>>>>>>>>>>>>>>>>>>>>>>>>>>>>>>>>>>>>>>>>>>
2024-10-08 00:39:52,780 - INFO - START NSP_OEC_Training_Chapter_1 =============================================
2024-10-08 00:39:52,780 - INFO - START NSP_OEC_Training_Chapter_1 Start Time = 2024-10-08 00:39:52
2024-10-08 00:39:52,780 - INFO - NSP_OEC_Training_Chapter_1 Step 0 - Initialize the configuration file parser
2024-10-08 00:39:52,781 - INFO - Process NSP_OEC_Training_Chapter_1 Step 0 - Initializing and starting Logging Process.
2024-10-08 00:39:52,964 - INFO - PERFORMANCE NSP_OEC_Training_Chapter_1 The total process duration was:0.18
2024-10-08 00:39:52,964 - INFO - PERFORMANCE NSP_OEC_Training_Chapter_1 Stop Time = 2024-10-08 00:39:52
2024-10-08 00:39:52,964 - INFO - PERFORMANCE NSP_OEC_Training_Chapter_1 Short process duration less than 3 Seconds:0.18
2024-10-08 00:39:52,965 - INFO - PERFORMANCE NSP_OEC_Training_Chapter_1 Performance optimization is not reccomended
2024-10-08 00:39:52,965 - INFO - END NSP_OEC_Training_Chapter_1 =============================================

<<<<<<<<<<<<<<<<<<<<<<<<<<<<<<<<<<<<<<<<<<<<<<<<<<<<<<<<<<<<<<<<<<<<<<<<<<<<<<<<<<<<<<<<<<<<<<<<<<<<<<<<<<<<<<<<<<<<<<<<
                                                                                                                        
                                                                                                                        
>>>>>>>>>>>>>>>>>>>>>>>>>>>>>>>>>>>>>>>>>>>>>>>>>>>>>>>>>>>>>>>>>>>>>>>>>>>>>>>>>>>>>>>>>>>>>>>>>>>>>>>>>>>>>>>>>>>>>>>>
2024-10-08 00:40:09,719 - INFO - START NSP_OEC_Training_Chapter_1 =============================================
2024-10-08 00:40:09,720 - INFO - START NSP_OEC_Training_Chapter_1 Start Time = 2024-10-08 00:40:09
2024-10-08 00:40:09,720 - INFO - NSP_OEC_Training_Chapter_1 Step 0 - Initialize the configuration file parser
2024-10-08 00:40:09,720 - INFO - Process NSP_OEC_Training_Chapter_1 Step 0 - Initializing and starting Logging Process.
2024-10-08 00:40:09,890 - INFO - PERFORMANCE NSP_OEC_Training_Chapter_1 The total process duration was:0.17
2024-10-08 00:40:09,890 - INFO - PERFORMANCE NSP_OEC_Training_Chapter_1 Stop Time = 2024-10-08 00:40:09
2024-10-08 00:40:09,890 - INFO - PERFORMANCE NSP_OEC_Training_Chapter_1 Short process duration less than 3 Seconds:0.17
2024-10-08 00:40:09,890 - INFO - PERFORMANCE NSP_OEC_Training_Chapter_1 Performance optimization is not reccomended
2024-10-08 00:40:09,890 - INFO - END NSP_OEC_Training_Chapter_1 =============================================

<<<<<<<<<<<<<<<<<<<<<<<<<<<<<<<<<<<<<<<<<<<<<<<<<<<<<<<<<<<<<<<<<<<<<<<<<<<<<<<<<<<<<<<<<<<<<<<<<<<<<<<<<<<<<<<<<<<<<<<<
                                                                                                                        
